<?xml version="1.0" encoding="UTF-8"?>
<testng-results skipped="0" failed="0" ignored="0" total="1" passed="1">
  <reporter-output>
  </reporter-output>
  <suite name="Default suite" duration-ms="149" started-at="2020-09-04T10:39:44 CDT" finished-at="2020-09-04T10:39:44 CDT">
    <groups>
    </groups>
    <test name="Default test" duration-ms="149" started-at="2020-09-04T10:39:44 CDT" finished-at="2020-09-04T10:39:44 CDT">
      <class name="seleniumT1.TestWeb01">
        <test-method status="PASS" signature="test1()[pri:0, instance:seleniumT1.TestWeb01@7d907bac]" name="test1" duration-ms="18" started-at="2020-09-04T10:39:44 CDT" finished-at="2020-09-04T10:39:44 CDT">
          <reporter-output>
          </reporter-output>
        </test-method> <!-- test1 -->
      </class> <!-- seleniumT1.TestWeb01 -->
    </test> <!-- Default test -->
  </suite> <!-- Default suite -->
</testng-results>
